\BOOKMARK [0][-]{chapter.1}{\376\377\006\105\006\102\006\057\006\105\006\051}{}% \LRE {١}
\BOOKMARK [0][-]{chapter.2}{\376\377\006\105\006\106\000\040\006\107\006\057\006\112\000\040\006\047\006\104\006\043\006\106\006\050\006\112\006\047\006\041\000\040\006\101\006\112\000\040\006\047\006\104\006\065\006\050\006\061\000\040\006\110\006\047\006\104\006\053\006\050\006\047\006\052}{}% \LRE {٢}
\BOOKMARK [1][-]{section.2.1}{\376\377\006\106\006\050\006\112\006\106\006\047\000\040\006\105\006\055\006\105\006\057\000\040\375\372\000\040\006\045\006\105\006\047\006\105\000\040\006\047\006\104\006\065\006\047\006\050\006\061\006\112\006\106}{chapter.2}% \LRE {٣}
\BOOKMARK [1][-]{section.2.2}{\376\377\006\056\006\104\006\112\006\104\000\040\006\047\006\104\006\104\006\107\000\040\006\045\006\050\006\061\006\047\006\107\006\112\006\105\000\040\006\071\006\104\006\112\006\107\000\040\006\047\006\104\006\063\006\104\006\047\006\105}{chapter.2}% \LRE {٤}
\BOOKMARK [1][-]{section.2.3}{\376\377\006\106\006\050\006\112\000\040\006\047\006\104\006\104\006\107\000\040\006\064\006\071\006\112\006\050\000\040\006\071\006\104\006\112\006\107\000\040\006\047\006\104\006\063\006\104\006\047\006\105}{chapter.2}% \LRE {٥}
\BOOKMARK [1][-]{section.2.4}{\376\377\006\106\006\050\006\112\000\040\006\047\006\104\006\104\006\107\000\040\006\112\006\110\006\063\006\101\000\040\006\071\006\104\006\112\006\107\000\040\006\047\006\104\006\063\006\104\006\047\006\105}{chapter.2}% \LRE {٦}
\BOOKMARK [1][-]{section.2.5}{\376\377\006\106\006\050\006\112\000\040\006\047\006\104\006\104\006\107\000\040\006\105\006\110\006\063\006\111\000\040\006\071\006\104\006\112\006\107\000\040\006\047\006\104\006\063\006\104\006\047\006\105}{chapter.2}% \LRE {٧}
\BOOKMARK [1][-]{section.2.6}{\376\377\006\106\006\050\006\112\000\040\006\047\006\104\006\104\006\107\000\040\006\104\006\110\006\067\000\040\006\071\006\104\006\112\006\107\000\040\006\047\006\104\006\063\006\104\006\047\006\105}{chapter.2}% \LRE {٨}
\BOOKMARK [0][-]{chapter.3}{\376\377\006\101\006\112\000\040\006\063\006\120\006\112\006\116\006\061\000\040\006\047\006\104\006\065\006\055\006\047\006\050\006\051\000\040\006\043\006\063\006\110\006\051\006\114\000\040\006\050\006\071\006\057\000\040\006\047\006\104\006\043\006\106\006\050\006\112\006\047\006\041}{}% \LRE {٩}
\BOOKMARK [1][-]{section.3.1}{\376\377\006\105\006\065\006\071\006\050\000\040\006\050\006\106\000\040\006\071\006\105\006\112\006\061\000\040\006\061\006\066\006\112\000\040\006\047\006\104\006\104\006\107\000\040\006\071\006\106\006\107}{chapter.3}% \LRE {١٠}
\BOOKMARK [0][-]{chapter.4}{\376\377\006\101\006\112\000\040\006\105\006\071\006\047\006\106\006\112\000\040\006\047\006\104\006\047\006\050\006\052\006\104\006\047\006\041\000\040\006\110\006\047\006\104\006\103\006\061\006\047\006\105\006\051}{}% \LRE {١١}
\BOOKMARK [1][-]{section.4.1}{\376\377\006\047\006\104\006\047\006\050\006\052\006\104\006\047\006\041\000\040\006\063\006\117\006\106\006\121\006\116\006\051\006\114\000\040\006\105\006\047\006\066\006\112\006\051\000\040\006\104\006\047\000\040\006\043\006\105\006\061\006\114\000\040\006\105\006\101\006\047\006\054\006\046}{chapter.4}% \LRE {١٢}
\BOOKMARK [1][-]{section.4.2}{\376\377\006\047\006\104\006\047\006\050\006\052\006\104\006\047\006\041\000\040\006\104\006\047\000\040\006\112\006\106\006\047\006\101\006\112\000\040\006\103\006\061\006\047\006\105\006\051\000\040\006\047\006\104\006\071\006\050\006\057\000\040\006\071\006\104\006\111\000\040\006\061\006\050\006\121\006\120\006\107}{chapter.4}% \LRE {١٣}
\BOOKMARK [1][-]{section.4.3}{\376\377\006\052\006\105\006\052\006\112\006\071\000\040\006\047\006\104\006\103\006\101\006\047\006\061\000\040\006\101\006\112\000\040\006\047\006\104\006\057\006\106\006\112\006\047\000\040\006\104\006\112\006\063\000\040\006\057\006\104\006\112\006\104\006\116\000\040\006\103\006\061\006\047\006\105\006\051}{chapter.4}% \LRE {١٤}
\BOOKMARK [1][-]{section.4.4}{\376\377\006\064\006\061\006\055\000\040\006\047\006\104\006\065\006\057\006\061\000\040\006\104\006\104\006\045\006\063\006\104\006\047\006\105\000\040\006\105\006\106\000\040\006\057\006\104\006\047\006\046\006\104\000\040\006\045\006\061\006\047\006\057\006\051\000\040\006\047\006\104\006\056\006\112\006\061}{chapter.4}% \LRE {١٥}
\BOOKMARK [0][-]{chapter.5}{\376\377\006\105\006\106\000\040\006\110\006\047\006\054\006\050\000\040\006\047\006\104\006\105\006\063\006\104\006\105\000\040\006\071\006\106\006\057\000\040\006\047\006\104\006\047\006\050\006\052\006\104\006\047\006\041}{}% \LRE {١٦}
\BOOKMARK [1][-]{section.5.1}{\376\377\006\047\006\104\006\057\006\071\006\047\006\041\000\040\006\110\006\047\006\104\006\047\006\101\006\052\006\102\006\047\006\061\000\040\006\045\006\104\006\111\000\040\006\047\006\104\006\104\006\107}{chapter.5}% \LRE {١٧}
\BOOKMARK [1][-]{section.5.2}{\376\377\006\047\006\063\006\052\006\055\006\066\006\047\006\061\000\040\006\047\006\104\006\106\006\107\006\112\000\040\006\071\006\106\000\040\006\047\006\104\006\110\006\107\006\106\000\040\006\110\006\047\006\104\006\055\006\062\006\106}{chapter.5}% \LRE {١٨}
\BOOKMARK [1][-]{section.5.3}{\376\377\006\047\006\104\006\101\006\061\006\055\000\040\006\050\006\101\006\066\006\104\000\040\006\047\006\104\006\104\006\107\000\040\006\110\006\061\006\055\006\105\006\052\006\107}{chapter.5}% \LRE {١٩}
\BOOKMARK [0][-]{chapter.6}{\376\377\006\063\006\050\006\050\000\040\006\064\006\057\006\121\006\116\006\051\000\040\006\071\006\057\006\047\006\110\006\052\006\107\006\105\000\040\006\104\006\104\006\045\006\063\006\104\006\047\006\105\000\040\006\110\006\047\006\104\006\102\006\061\006\042\006\106}{}% \LRE {٢٠}
\BOOKMARK [1][-]{section.6.1}{\376\377\006\043\006\063\006\050\006\047\006\050\000\040\006\107\006\060\006\107\000\040\006\047\006\104\006\071\006\057\006\047\006\110\006\051}{chapter.6}% \LRE {٢١}
\BOOKMARK [0][-]{chapter.7}{\376\377\006\056\006\047\006\052\006\105\006\051}{}% \LRE {٢٢}
